

Microchip MPLAB XC8 Assembler V2.40 build 20220703182018 
                                                                                               Tue Sep 20 20:45:24 2022

Microchip MPLAB XC8 C Compiler v2.40 (Free license) build 20220703182018 Og1 
     1                           	processor	18F4550
     2                           	fnconf	rparam,??,?,0
     3                           	pagewidth 120
     4                           	opt	flic
     5                           	psect	cinit,global,reloc=2,class=CODE,delta=1
     6                           	psect	cstackCOMRAM,global,class=COMRAM,space=1,delta=1,lowdata,noexec
     7                           	psect	text0,global,reloc=2,class=CODE,delta=1
     8                           	psect	text1,global,reloc=2,class=CODE,delta=1
     9                           	psect	intsave_regs,global,class=BIGRAM,space=1,delta=1,noexec
    10                           	psect	rparam,global,class=COMRAM,space=1,delta=1,noexec
    11                           	psect	idloc,global,abs,ovrld,class=IDLOC,space=5,delta=1,noexec
    12                           	psect	config,global,abs,ovrld,class=CONFIG,space=4,delta=1,noexec
    13   000000                     
    14                           ; Version 2.40
    15                           ; Generated 17/11/2021 GMT
    16                           ; 
    17                           ; Copyright © 2021, Microchip Technology Inc. and its subsidiaries ("Microchip")
    18                           ; All rights reserved.
    19                           ; 
    20                           ; This software is developed by Microchip Technology Inc. and its subsidiaries ("Microch
      +                          ip").
    21                           ; 
    22                           ; Redistribution and use in source and binary forms, with or without modification, are
    23                           ; permitted provided that the following conditions are met:
    24                           ; 
    25                           ;     1. Redistributions of source code must retain the above copyright notice, this lis
      +                          t of
    26                           ;        conditions and the following disclaimer.
    27                           ; 
    28                           ;     2. Redistributions in binary form must reproduce the above copyright notice, this 
      +                          list
    29                           ;        of conditions and the following disclaimer in the documentation and/or other
    30                           ;        materials provided with the distribution. Publication is not required when
    31                           ;        this file is used in an embedded application.
    32                           ; 
    33                           ;     3. Microchip's name may not be used to endorse or promote products derived from th
      +                          is
    34                           ;        software without specific prior written permission.
    35                           ; 
    36                           ; THIS SOFTWARE IS PROVIDED BY MICROCHIP "AS IS" AND ANY EXPRESS OR IMPLIED WARRANTIES,
    37                           ; INCLUDING, BUT NOT LIMITED TO, THE IMPLIED WARRANTIES OF MERCHANTABILITY AND FITNESS F
      +                          OR
    38                           ; PURPOSE ARE DISCLAIMED.  IN NO EVENT SHALL MICROCHIP BE LIABLE FOR ANY DIRECT, INDIREC
      +                          T,
    39                           ; INCIDENTAL, SPECIAL, EXEMPLARY, OR CONSEQUENTIAL DAMAGES (INCLUDING BUT NOT LIMITED TO
    40                           ; PROCUREMENT OF SUBSTITUTE GOODS OR SERVICES; LOSS OF USE, DATA OR PROFITS; OR BUSINESS
    41                           ; INTERRUPTION) HOWSOEVER CAUSED AND ON ANY THEORY OF LIABILITY, WHETHER IN CONTRACT, ST
      +                          RICT
    42                           ; LIABILITY, OR TORT (INCLUDING NEGLIGENCE OR OTHERWISE) ARISING IN ANY WAY OUT OF THE U
      +                          SE OF
    43                           ; THIS SOFTWARE, EVEN IF ADVISED OF THE POSSIBILITY OF SUCH DAMAGE.
    44                           ; 
    45                           ; 
    46                           ; Code-generator required, PIC18F4550 Definitions
    47                           ; 
    48                           ; SFR Addresses
    49   000000                     _PORTD	set	3971
    50   000000                     _TRISA	set	3986
    51   000000                     _ADCON1	set	4033
    52   000000                     _TRISD	set	3989
    53   000000                     _TRISB	set	3987
    54   000000                     _TRISE	set	3990
    55                           
    56                           ; #config settings
    57                           
    58                           	psect	cinit
    59   007ED6                     __pcinit:
    60                           	callstack 0
    61   007ED6                     start_initialization:
    62                           	callstack 0
    63   007ED6                     __initialization:
    64                           	callstack 0
    65   007ED6                     end_of_initialization:
    66                           	callstack 0
    67   007ED6                     __end_of__initialization:
    68                           	callstack 0
    69   007ED6  0E00               	movlw	low (__Lmediumconst shr (0+16))
    70   007ED8  6EF8               	movwf	tblptru,c
    71   007EDA  0100               	movlb	0
    72   007EDC  EF70  F03F         	goto	_main	;jump to C main() function
    73                           
    74                           	psect	cstackCOMRAM
    75   000001                     __pcstackCOMRAM:
    76                           	callstack 0
    77   000001                     ??_deco_cc:
    78   000001                     
    79                           ; 1 bytes @ 0x0
    80   000001                     	ds	2
    81   000003                     deco_cc@numero:
    82                           	callstack 0
    83                           
    84                           ; 1 bytes @ 0x2
    85   000003                     	ds	1
    86   000004                     deco_cc@my_Deco:
    87                           	callstack 0
    88                           
    89                           ; 1 bytes @ 0x3
    90   000004                     	ds	1
    91   000005                     ??_main:
    92                           
    93                           ; 1 bytes @ 0x4
    94   000005                     	ds	1
    95   000006                     main@i:
    96                           	callstack 0
    97                           
    98                           ; 2 bytes @ 0x5
    99   000006                     	ds	2
   100                           
   101 ;;
   102 ;;Main: autosize = 0, tempsize = 1, incstack = 0, save=0
   103 ;;
   104 ;; *************** function _main *****************
   105 ;; Defined at:
   106 ;;		line 6 in file "main.c"
   107 ;; Parameters:    Size  Location     Type
   108 ;;		None
   109 ;; Auto vars:     Size  Location     Type
   110 ;;  i               2    5[COMRAM] int 
   111 ;; Return value:  Size  Location     Type
   112 ;;                  1    wreg      void 
   113 ;; Registers used:
   114 ;;		wreg, status,2, status,0, cstack
   115 ;; Tracked objects:
   116 ;;		On entry : 0/0
   117 ;;		On exit  : 0/0
   118 ;;		Unchanged: 0/0
   119 ;; Data sizes:     COMRAM   BANK0   BANK1   BANK2   BANK3   BANK4   BANK5   BANK6   BANK7
   120 ;;      Params:         0       0       0       0       0       0       0       0       0
   121 ;;      Locals:         2       0       0       0       0       0       0       0       0
   122 ;;      Temps:          1       0       0       0       0       0       0       0       0
   123 ;;      Totals:         3       0       0       0       0       0       0       0       0
   124 ;;Total ram usage:        3 bytes
   125 ;; Hardware stack levels required when called: 1
   126 ;; This function calls:
   127 ;;		_deco_cc
   128 ;; This function is called by:
   129 ;;		Startup code after reset
   130 ;; This function uses a non-reentrant model
   131 ;;
   132                           
   133                           	psect	text0
   134   007EE0                     __ptext0:
   135                           	callstack 0
   136   007EE0                     _main:
   137                           	callstack 30
   138   007EE0                     
   139                           ;main.c: 7:     ADCON1 = 0x0f;
   140   007EE0  0E0F               	movlw	15
   141   007EE2  6EC1               	movwf	193,c	;volatile
   142   007EE4                     
   143                           ;main.c: 8:     TRISA = 0xff;
   144   007EE4  6892               	setf	146,c	;volatile
   145                           
   146                           ;main.c: 9:     TRISB = 0x00;
   147   007EE6  0E00               	movlw	0
   148   007EE8  6E93               	movwf	147,c	;volatile
   149                           
   150                           ;main.c: 10:     TRISD = 0x00;
   151   007EEA  0E00               	movlw	0
   152   007EEC  6E95               	movwf	149,c	;volatile
   153   007EEE                     
   154                           ;main.c: 11:     TRISE = 0xff;
   155   007EEE  6896               	setf	150,c	;volatile
   156   007EF0                     l34:
   157                           
   158                           ;main.c: 14:         for(int i=0; i<=9; i++){
   159   007EF0  0E00               	movlw	0
   160   007EF2  6E07               	movwf	(main@i+1)^0,c
   161   007EF4  0E00               	movlw	0
   162   007EF6  6E06               	movwf	main@i^0,c
   163   007EF8                     l759:
   164                           
   165                           ;main.c: 15:             PORTD = deco_cc(i);
   166   007EF8  5006               	movf	main@i^0,w,c
   167   007EFA  EC9C  F03F         	call	_deco_cc
   168   007EFE  6E83               	movwf	131,c	;volatile
   169   007F00                     
   170                           ;main.c: 16:             _delay((unsigned long)((50)*(4000000L/4000.0)));
   171   007F00  0E41               	movlw	65
   172   007F02  6E05               	movwf	??_main^0,c
   173   007F04  0EEE               	movlw	238
   174   007F06                     u27:
   175   007F06  2EE8               	decfsz	wreg,f,c
   176   007F08  D7FE               	bra	u27
   177   007F0A  2E05               	decfsz	??_main^0,f,c
   178   007F0C  D7FC               	bra	u27
   179   007F0E  D000               	nop2	
   180   007F10                     
   181                           ;main.c: 17:         }
   182   007F10  4A06               	infsnz	main@i^0,f,c
   183   007F12  2A07               	incf	(main@i+1)^0,f,c
   184   007F14  BE07               	btfsc	(main@i+1)^0,7,c
   185   007F16  EF96  F03F         	goto	u11
   186   007F1A  5007               	movf	(main@i+1)^0,w,c
   187   007F1C  E109               	bnz	u10
   188   007F1E  0E0A               	movlw	10
   189   007F20  5C06               	subwf	main@i^0,w,c
   190   007F22  A0D8               	btfss	status,0,c
   191   007F24  EF96  F03F         	goto	u11
   192   007F28  EF98  F03F         	goto	u10
   193   007F2C                     u11:
   194   007F2C  EF7C  F03F         	goto	l759
   195   007F30                     u10:
   196   007F30  EF78  F03F         	goto	l34
   197   007F34  EF00  F000         	goto	start
   198   007F38                     __end_of_main:
   199                           	callstack 0
   200                           
   201 ;; *************** function _deco_cc *****************
   202 ;; Defined at:
   203 ;;		line 7 in file "./deco_catodo.h"
   204 ;; Parameters:    Size  Location     Type
   205 ;;  numero          1    wreg     unsigned char 
   206 ;; Auto vars:     Size  Location     Type
   207 ;;  numero          1    2[COMRAM] unsigned char 
   208 ;;  my_Deco         1    3[COMRAM] unsigned char 
   209 ;; Return value:  Size  Location     Type
   210 ;;                  1    wreg      unsigned char 
   211 ;; Registers used:
   212 ;;		wreg, status,2, status,0
   213 ;; Tracked objects:
   214 ;;		On entry : 0/0
   215 ;;		On exit  : 0/0
   216 ;;		Unchanged: 0/0
   217 ;; Data sizes:     COMRAM   BANK0   BANK1   BANK2   BANK3   BANK4   BANK5   BANK6   BANK7
   218 ;;      Params:         0       0       0       0       0       0       0       0       0
   219 ;;      Locals:         2       0       0       0       0       0       0       0       0
   220 ;;      Temps:          2       0       0       0       0       0       0       0       0
   221 ;;      Totals:         4       0       0       0       0       0       0       0       0
   222 ;;Total ram usage:        4 bytes
   223 ;; Hardware stack levels used: 1
   224 ;; This function calls:
   225 ;;		Nothing
   226 ;; This function is called by:
   227 ;;		_main
   228 ;; This function uses a non-reentrant model
   229 ;;
   230                           
   231                           	psect	text1
   232   007F38                     __ptext1:
   233                           	callstack 0
   234   007F38                     _deco_cc:
   235                           	callstack 30
   236                           
   237                           ;incstack = 0
   238                           ;deco_cc@numero stored from wreg
   239   007F38  6E03               	movwf	deco_cc@numero^0,c
   240   007F3A                     
   241                           ;./deco_catodo.h: 8:     char my_Deco = 0;
   242   007F3A  0E00               	movlw	0
   243   007F3C  6E04               	movwf	deco_cc@my_Deco^0,c
   244                           
   245                           ;./deco_catodo.h: 10:     switch(numero){
   246   007F3E  EFC9  F03F         	goto	l739
   247   007F42                     l717:
   248   007F42  0E3F               	movlw	63
   249   007F44  6E04               	movwf	deco_cc@my_Deco^0,c
   250   007F46  EFFE  F03F         	goto	l741
   251   007F4A                     l719:
   252   007F4A  0E06               	movlw	6
   253   007F4C  6E04               	movwf	deco_cc@my_Deco^0,c
   254   007F4E  EFFE  F03F         	goto	l741
   255   007F52                     l721:
   256   007F52  0E5B               	movlw	91
   257   007F54  6E04               	movwf	deco_cc@my_Deco^0,c
   258   007F56  EFFE  F03F         	goto	l741
   259   007F5A                     l723:
   260   007F5A  0E4F               	movlw	79
   261   007F5C  6E04               	movwf	deco_cc@my_Deco^0,c
   262   007F5E  EFFE  F03F         	goto	l741
   263   007F62                     l725:
   264   007F62  0E66               	movlw	102
   265   007F64  6E04               	movwf	deco_cc@my_Deco^0,c
   266   007F66  EFFE  F03F         	goto	l741
   267   007F6A                     l727:
   268   007F6A  0E6D               	movlw	109
   269   007F6C  6E04               	movwf	deco_cc@my_Deco^0,c
   270   007F6E  EFFE  F03F         	goto	l741
   271   007F72                     l729:
   272   007F72  0E7D               	movlw	125
   273   007F74  6E04               	movwf	deco_cc@my_Deco^0,c
   274   007F76  EFFE  F03F         	goto	l741
   275   007F7A                     l731:
   276   007F7A  0E07               	movlw	7
   277   007F7C  6E04               	movwf	deco_cc@my_Deco^0,c
   278   007F7E  EFFE  F03F         	goto	l741
   279   007F82                     l733:
   280   007F82  0E7F               	movlw	127
   281   007F84  6E04               	movwf	deco_cc@my_Deco^0,c
   282   007F86  EFFE  F03F         	goto	l741
   283   007F8A                     l735:
   284   007F8A  0E6F               	movlw	111
   285   007F8C  6E04               	movwf	deco_cc@my_Deco^0,c
   286   007F8E  EFFE  F03F         	goto	l741
   287   007F92                     l739:
   288   007F92  5003               	movf	deco_cc@numero^0,w,c
   289   007F94  6E01               	movwf	??_deco_cc^0,c
   290   007F96  6A02               	clrf	(??_deco_cc+1)^0,c
   291                           
   292                           ; Switch on 2 bytes has been partitioned into a top level switch of size 1, and 1 sub-sw
      +                          itches
   293                           ; Switch size 1, requested type "simple"
   294                           ; Number of cases is 1, Range of values is 0 to 0
   295                           ; switch strategies available:
   296                           ; Name         Instructions Cycles
   297                           ; simple_byte            4     3 (average)
   298                           ;	Chosen strategy is simple_byte
   299   007F98  5002               	movf	(??_deco_cc+1)^0,w,c
   300   007F9A  0A00               	xorlw	0	; case 0
   301   007F9C  B4D8               	btfsc	status,2,c
   302   007F9E  EFD3  F03F         	goto	l771
   303   007FA2  EFFE  F03F         	goto	l741
   304   007FA6                     l771:
   305                           
   306                           ; Switch size 1, requested type "simple"
   307                           ; Number of cases is 10, Range of values is 0 to 9
   308                           ; switch strategies available:
   309                           ; Name         Instructions Cycles
   310                           ; simple_byte           31    16 (average)
   311                           ;	Chosen strategy is simple_byte
   312   007FA6  5001               	movf	??_deco_cc^0,w,c
   313   007FA8  0A00               	xorlw	0	; case 0
   314   007FAA  B4D8               	btfsc	status,2,c
   315   007FAC  EFA1  F03F         	goto	l717
   316   007FB0  0A01               	xorlw	1	; case 1
   317   007FB2  B4D8               	btfsc	status,2,c
   318   007FB4  EFA5  F03F         	goto	l719
   319   007FB8  0A03               	xorlw	3	; case 2
   320   007FBA  B4D8               	btfsc	status,2,c
   321   007FBC  EFA9  F03F         	goto	l721
   322   007FC0  0A01               	xorlw	1	; case 3
   323   007FC2  B4D8               	btfsc	status,2,c
   324   007FC4  EFAD  F03F         	goto	l723
   325   007FC8  0A07               	xorlw	7	; case 4
   326   007FCA  B4D8               	btfsc	status,2,c
   327   007FCC  EFB1  F03F         	goto	l725
   328   007FD0  0A01               	xorlw	1	; case 5
   329   007FD2  B4D8               	btfsc	status,2,c
   330   007FD4  EFB5  F03F         	goto	l727
   331   007FD8  0A03               	xorlw	3	; case 6
   332   007FDA  B4D8               	btfsc	status,2,c
   333   007FDC  EFB9  F03F         	goto	l729
   334   007FE0  0A01               	xorlw	1	; case 7
   335   007FE2  B4D8               	btfsc	status,2,c
   336   007FE4  EFBD  F03F         	goto	l731
   337   007FE8  0A0F               	xorlw	15	; case 8
   338   007FEA  B4D8               	btfsc	status,2,c
   339   007FEC  EFC1  F03F         	goto	l733
   340   007FF0  0A01               	xorlw	1	; case 9
   341   007FF2  B4D8               	btfsc	status,2,c
   342   007FF4  EFC5  F03F         	goto	l735
   343   007FF8  EFFE  F03F         	goto	l741
   344   007FFC                     l741:
   345                           
   346                           ;./deco_catodo.h: 22:     return my_Deco;
   347   007FFC  5004               	movf	deco_cc@my_Deco^0,w,c
   348   007FFE  0012               	return		;funcret
   349   008000                     __end_of_deco_cc:
   350                           	callstack 0
   351   000000                     
   352                           	psect	rparam
   353   000000                     
   354                           	psect	idloc
   355                           
   356                           ;Config register IDLOC0 @ 0x200000
   357                           ;	unspecified, using default values
   358   200000                     	org	2097152
   359   200000  FF                 	db	255
   360                           
   361                           ;Config register IDLOC1 @ 0x200001
   362                           ;	unspecified, using default values
   363   200001                     	org	2097153
   364   200001  FF                 	db	255
   365                           
   366                           ;Config register IDLOC2 @ 0x200002
   367                           ;	unspecified, using default values
   368   200002                     	org	2097154
   369   200002  FF                 	db	255
   370                           
   371                           ;Config register IDLOC3 @ 0x200003
   372                           ;	unspecified, using default values
   373   200003                     	org	2097155
   374   200003  FF                 	db	255
   375                           
   376                           ;Config register IDLOC4 @ 0x200004
   377                           ;	unspecified, using default values
   378   200004                     	org	2097156
   379   200004  FF                 	db	255
   380                           
   381                           ;Config register IDLOC5 @ 0x200005
   382                           ;	unspecified, using default values
   383   200005                     	org	2097157
   384   200005  FF                 	db	255
   385                           
   386                           ;Config register IDLOC6 @ 0x200006
   387                           ;	unspecified, using default values
   388   200006                     	org	2097158
   389   200006  FF                 	db	255
   390                           
   391                           ;Config register IDLOC7 @ 0x200007
   392                           ;	unspecified, using default values
   393   200007                     	org	2097159
   394   200007  FF                 	db	255
   395                           
   396                           	psect	config
   397                           
   398                           ;Config register CONFIG1L @ 0x300000
   399                           ;	PLL Prescaler Selection bits
   400                           ;	PLLDIV = 1, No prescale (4 MHz oscillator input drives PLL directly)
   401                           ;	System Clock Postscaler Selection bits
   402                           ;	CPUDIV = OSC1_PLL2, [Primary Oscillator Src: /1][96 MHz PLL Src: /2]
   403                           ;	USB Clock Selection bit (used in Full-Speed USB mode only; UCFG:FSEN = 1)
   404                           ;	USBDIV = 1, USB clock source comes directly from the primary oscillator block with no 
      +                          postscale
   405   300000                     	org	3145728
   406   300000  00                 	db	0
   407                           
   408                           ;Config register CONFIG1H @ 0x300001
   409                           ;	Oscillator Selection bits
   410                           ;	FOSC = INTOSCIO_EC, Internal oscillator, port function on RA6, EC used by USB (INTIO)
   411                           ;	Fail-Safe Clock Monitor Enable bit
   412                           ;	FCMEN = OFF, Fail-Safe Clock Monitor disabled
   413                           ;	Internal/External Oscillator Switchover bit
   414                           ;	IESO = OFF, Oscillator Switchover mode disabled
   415   300001                     	org	3145729
   416   300001  08                 	db	8
   417                           
   418                           ;Config register CONFIG2L @ 0x300002
   419                           ;	Power-up Timer Enable bit
   420                           ;	PWRT = OFF, PWRT disabled
   421                           ;	Brown-out Reset Enable bits
   422                           ;	BOR = OFF, Brown-out Reset disabled in hardware and software
   423                           ;	Brown-out Reset Voltage bits
   424                           ;	BORV = 3, Minimum setting 2.05V
   425                           ;	USB Voltage Regulator Enable bit
   426                           ;	VREGEN = OFF, USB voltage regulator disabled
   427   300002                     	org	3145730
   428   300002  19                 	db	25
   429                           
   430                           ;Config register CONFIG2H @ 0x300003
   431                           ;	Watchdog Timer Enable bit
   432                           ;	WDT = OFF, WDT disabled (control is placed on the SWDTEN bit)
   433                           ;	Watchdog Timer Postscale Select bits
   434                           ;	WDTPS = 32768, 1:32768
   435   300003                     	org	3145731
   436   300003  1E                 	db	30
   437                           
   438                           ; Padding undefined space
   439   300004                     	org	3145732
   440   300004  FF                 	db	255
   441                           
   442                           ;Config register CONFIG3H @ 0x300005
   443                           ;	CCP2 MUX bit
   444                           ;	CCP2MX = OFF, CCP2 input/output is multiplexed with RB3
   445                           ;	PORTB A/D Enable bit
   446                           ;	PBADEN = OFF, PORTB<4:0> pins are configured as digital I/O on Reset
   447                           ;	Low-Power Timer 1 Oscillator Enable bit
   448                           ;	LPT1OSC = OFF, Timer1 configured for higher power operation
   449                           ;	MCLR Pin Enable bit
   450                           ;	MCLRE = OFF, RE3 input pin enabled; MCLR pin disabled
   451   300005                     	org	3145733
   452   300005  00                 	db	0
   453                           
   454                           ;Config register CONFIG4L @ 0x300006
   455                           ;	Stack Full/Underflow Reset Enable bit
   456                           ;	STVREN = ON, Stack full/underflow will cause Reset
   457                           ;	Single-Supply ICSP Enable bit
   458                           ;	LVP = ON, Single-Supply ICSP enabled
   459                           ;	Dedicated In-Circuit Debug/Programming Port (ICPORT) Enable bit
   460                           ;	ICPRT = OFF, ICPORT disabled
   461                           ;	Extended Instruction Set Enable bit
   462                           ;	XINST = OFF, Instruction set extension and Indexed Addressing mode disabled (Legacy mo
      +                          de)
   463                           ;	Background Debugger Enable bit
   464                           ;	DEBUG = 0x1, unprogrammed default
   465   300006                     	org	3145734
   466   300006  85                 	db	133
   467                           
   468                           ; Padding undefined space
   469   300007                     	org	3145735
   470   300007  FF                 	db	255
   471                           
   472                           ;Config register CONFIG5L @ 0x300008
   473                           ;	Code Protection bit
   474                           ;	CP0 = OFF, Block 0 (000800-001FFFh) is not code-protected
   475                           ;	Code Protection bit
   476                           ;	CP1 = OFF, Block 1 (002000-003FFFh) is not code-protected
   477                           ;	Code Protection bit
   478                           ;	CP2 = OFF, Block 2 (004000-005FFFh) is not code-protected
   479                           ;	Code Protection bit
   480                           ;	CP3 = OFF, Block 3 (006000-007FFFh) is not code-protected
   481   300008                     	org	3145736
   482   300008  0F                 	db	15
   483                           
   484                           ;Config register CONFIG5H @ 0x300009
   485                           ;	Boot Block Code Protection bit
   486                           ;	CPB = OFF, Boot block (000000-0007FFh) is not code-protected
   487                           ;	Data EEPROM Code Protection bit
   488                           ;	CPD = OFF, Data EEPROM is not code-protected
   489   300009                     	org	3145737
   490   300009  C0                 	db	192
   491                           
   492                           ;Config register CONFIG6L @ 0x30000A
   493                           ;	Write Protection bit
   494                           ;	WRT0 = OFF, Block 0 (000800-001FFFh) is not write-protected
   495                           ;	Write Protection bit
   496                           ;	WRT1 = OFF, Block 1 (002000-003FFFh) is not write-protected
   497                           ;	Write Protection bit
   498                           ;	WRT2 = OFF, Block 2 (004000-005FFFh) is not write-protected
   499                           ;	Write Protection bit
   500                           ;	WRT3 = OFF, Block 3 (006000-007FFFh) is not write-protected
   501   30000A                     	org	3145738
   502   30000A  0F                 	db	15
   503                           
   504                           ;Config register CONFIG6H @ 0x30000B
   505                           ;	Configuration Register Write Protection bit
   506                           ;	WRTC = OFF, Configuration registers (300000-3000FFh) are not write-protected
   507                           ;	Boot Block Write Protection bit
   508                           ;	WRTB = OFF, Boot block (000000-0007FFh) is not write-protected
   509                           ;	Data EEPROM Write Protection bit
   510                           ;	WRTD = OFF, Data EEPROM is not write-protected
   511   30000B                     	org	3145739
   512   30000B  E0                 	db	224
   513                           
   514                           ;Config register CONFIG7L @ 0x30000C
   515                           ;	Table Read Protection bit
   516                           ;	EBTR0 = OFF, Block 0 (000800-001FFFh) is not protected from table reads executed in ot
      +                          her blocks
   517                           ;	Table Read Protection bit
   518                           ;	EBTR1 = OFF, Block 1 (002000-003FFFh) is not protected from table reads executed in ot
      +                          her blocks
   519                           ;	Table Read Protection bit
   520                           ;	EBTR2 = OFF, Block 2 (004000-005FFFh) is not protected from table reads executed in ot
      +                          her blocks
   521                           ;	Table Read Protection bit
   522                           ;	EBTR3 = OFF, Block 3 (006000-007FFFh) is not protected from table reads executed in ot
      +                          her blocks
   523   30000C                     	org	3145740
   524   30000C  0F                 	db	15
   525                           
   526                           ;Config register CONFIG7H @ 0x30000D
   527                           ;	Boot Block Table Read Protection bit
   528                           ;	EBTRB = OFF, Boot block (000000-0007FFh) is not protected from table reads executed in
      +                           other blocks
   529   30000D                     	org	3145741
   530   30000D  40                 	db	64
   531                           tosu	equ	0xFFF
   532                           tosh	equ	0xFFE
   533                           tosl	equ	0xFFD
   534                           stkptr	equ	0xFFC
   535                           pclatu	equ	0xFFB
   536                           pclath	equ	0xFFA
   537                           pcl	equ	0xFF9
   538                           tblptru	equ	0xFF8
   539                           tblptrh	equ	0xFF7
   540                           tblptrl	equ	0xFF6
   541                           tablat	equ	0xFF5
   542                           prodh	equ	0xFF4
   543                           prodl	equ	0xFF3
   544                           indf0	equ	0xFEF
   545                           postinc0	equ	0xFEE
   546                           postdec0	equ	0xFED
   547                           preinc0	equ	0xFEC
   548                           plusw0	equ	0xFEB
   549                           fsr0h	equ	0xFEA
   550                           fsr0l	equ	0xFE9
   551                           wreg	equ	0xFE8
   552                           indf1	equ	0xFE7
   553                           postinc1	equ	0xFE6
   554                           postdec1	equ	0xFE5
   555                           preinc1	equ	0xFE4
   556                           plusw1	equ	0xFE3
   557                           fsr1h	equ	0xFE2
   558                           fsr1l	equ	0xFE1
   559                           bsr	equ	0xFE0
   560                           indf2	equ	0xFDF
   561                           postinc2	equ	0xFDE
   562                           postdec2	equ	0xFDD
   563                           preinc2	equ	0xFDC
   564                           plusw2	equ	0xFDB
   565                           fsr2h	equ	0xFDA
   566                           fsr2l	equ	0xFD9
   567                           status	equ	0xFD8

Data Sizes:
    Strings     0
    Constant    0
    Data        0
    BSS         0
    Persistent  0
    Stack       0

Auto Spaces:
    Space          Size  Autos    Used
    COMRAM           95      7       7
    BANK0           160      0       0
    BANK1           256      0       0
    BANK2           256      0       0
    BANK3           256      0       0
    BANK4           256      0       0
    BANK5           256      0       0
    BANK6           256      0       0
    BANK7           256      0       0

Pointer List with Targets:

    None.

Critical Paths under _main in COMRAM

    _main->_deco_cc

Critical Paths under _main in BANK0

    None.

Critical Paths under _main in BANK1

    None.

Critical Paths under _main in BANK2

    None.

Critical Paths under _main in BANK3

    None.

Critical Paths under _main in BANK4

    None.

Critical Paths under _main in BANK5

    None.

Critical Paths under _main in BANK6

    None.

Critical Paths under _main in BANK7

    None.

Call Graph Tables:

 ---------------------------------------------------------------------------------
 (Depth) Function   	        Calls       Base Space   Used Autos Params    Refs
 ---------------------------------------------------------------------------------
 (0) _main                                                 3     3      0      75
                                              4 COMRAM     3     3      0
                            _deco_cc
 ---------------------------------------------------------------------------------
 (1) _deco_cc                                              4     4      0      30
                                              0 COMRAM     4     4      0
 ---------------------------------------------------------------------------------
 Estimated maximum stack depth 1
 ---------------------------------------------------------------------------------

 Call Graph Graphs:

 _main (ROOT)
   _deco_cc

 Address spaces:
Name               Size   Autos  Total    Cost      Usage
BITCOMRAM           5F      0       0       0        0.0%
EEDATA             100      0       0       0        0.0%
NULL                 0      0       0       0        0.0%
CODE                 0      0       0       0        0.0%
COMRAM              5F      7       7       1        7.4%
STACK                0      0       0       2        0.0%
ABS                  0      0       0       3        0.0%
DATA                 0      0       0       4        0.0%
BITBANK0            A0      0       0       5        0.0%
BANK0               A0      0       0       6        0.0%
BITBANK1           100      0       0       7        0.0%
BANK1              100      0       0       8        0.0%
BITBANK2           100      0       0       9        0.0%
BANK2              100      0       0      10        0.0%
BITBANK3           100      0       0      11        0.0%
BANK3              100      0       0      12        0.0%
BITBANK4           100      0       0      13        0.0%
BANK4              100      0       0      14        0.0%
BITBANK5           100      0       0      15        0.0%
BANK5              100      0       0      16        0.0%
BITBANK6           100      0       0      17        0.0%
BANK6              100      0       0      18        0.0%
BITBANK7           100      0       0      19        0.0%
BANK7              100      0       0      20        0.0%
BITBIGSFRh          3E      0       0      21        0.0%
BITBIGSFRlhh        2A      0       0      22        0.0%
BITBIGSFRlhl         1      0       0      23        0.0%
BITBIGSFRllh         E      0       0      24        0.0%
BITBIGSFRlll        23      0       0      25        0.0%
BIGRAM             7FF      0       0      26        0.0%
BIGSFR               0      0       0     200        0.0%
BITSFR               0      0       0     200        0.0%
SFR                  0      0       0     200        0.0%


Microchip Technology PIC18 Macro Assembler V2.40 build 20220703182018 
Symbol Table                                                                                   Tue Sep 20 20:45:24 2022

                     l34 7EF0                       l29 7FFE                       u10 7F30  
                     u11 7F2C                       u27 7F06                      l721 7F52  
                    l731 7F7A                      l723 7F5A                      l715 7F3A  
                    l733 7F82                      l725 7F62                      l741 7FFC  
                    l717 7F42                      l735 7F8A                      l727 7F6A  
                    l719 7F4A                      l751 7EE4                      l729 7F72  
                    l761 7F00                      l753 7EEE                      l771 7FA6  
                    l739 7F92                      l763 7F10                      l765 7F14  
                    l749 7EE0                      l759 7EF8                      wreg 000FE8  
                   _main 7EE0                     start 0000             ___param_bank 000000  
                  ?_main 0001                    _PORTD 000F83                    _TRISA 000F92  
                  _TRISB 000F93                    _TRISD 000F95                    _TRISE 000F96  
        __end_of_deco_cc 8000                    main@i 0006                    status 000FD8  
        __initialization 7ED6             __end_of_main 7F38                   ??_main 0005  
          __activetblptr 000002                   _ADCON1 000FC1                ??_deco_cc 0001  
                 isa$std 000001            deco_cc@numero 0003                   tblptru 000FF8  
             __accesstop 0060  __end_of__initialization 7ED6            ___rparam_used 000001  
         __pcstackCOMRAM 0001                  __Hparam 0000                  __Lparam 0000  
                _deco_cc 7F38                  __pcinit 7ED6                  __ramtop 0800  
                __ptext0 7EE0                  __ptext1 7F38     end_of_initialization 7ED6  
         deco_cc@my_Deco 0004            __Lmediumconst 0000      start_initialization 7ED6  
               ?_deco_cc 0001                 __Hrparam 0000                 __Lrparam 0000  
               isa$xinst 000000  
