

Microchip MPLAB XC8 Assembler V2.40 build 20220703182018 
                                                                                               Sun Sep 18 08:38:14 2022

Microchip MPLAB XC8 C Compiler v2.40 (Free license) build 20220703182018 Og1 
     1                           	processor	18F4550
     2                           	fnconf	rparam,??,?,0
     3                           	pagewidth 120
     4                           	opt	flic
     5                           	psect	cinit,global,reloc=2,class=CODE,delta=1
     6                           	psect	bssCOMRAM,global,class=COMRAM,space=1,delta=1,lowdata,noexec
     7                           	psect	cstackCOMRAM,global,class=COMRAM,space=1,delta=1,lowdata,noexec
     8                           	psect	text0,global,reloc=2,class=CODE,delta=1
     9                           	psect	intsave_regs,global,class=BIGRAM,space=1,delta=1,noexec
    10                           	psect	rparam,global,class=COMRAM,space=1,delta=1,noexec
    11                           	psect	idloc,global,abs,ovrld,class=IDLOC,space=5,delta=1,noexec
    12                           	psect	config,global,abs,ovrld,class=CONFIG,space=4,delta=1,noexec
    13   000000                     
    14                           ; Version 2.40
    15                           ; Generated 17/11/2021 GMT
    16                           ; 
    17                           ; Copyright © 2021, Microchip Technology Inc. and its subsidiaries ("Microchip")
    18                           ; All rights reserved.
    19                           ; 
    20                           ; This software is developed by Microchip Technology Inc. and its subsidiaries ("Microch
      +                          ip").
    21                           ; 
    22                           ; Redistribution and use in source and binary forms, with or without modification, are
    23                           ; permitted provided that the following conditions are met:
    24                           ; 
    25                           ;     1. Redistributions of source code must retain the above copyright notice, this lis
      +                          t of
    26                           ;        conditions and the following disclaimer.
    27                           ; 
    28                           ;     2. Redistributions in binary form must reproduce the above copyright notice, this 
      +                          list
    29                           ;        of conditions and the following disclaimer in the documentation and/or other
    30                           ;        materials provided with the distribution. Publication is not required when
    31                           ;        this file is used in an embedded application.
    32                           ; 
    33                           ;     3. Microchip's name may not be used to endorse or promote products derived from th
      +                          is
    34                           ;        software without specific prior written permission.
    35                           ; 
    36                           ; THIS SOFTWARE IS PROVIDED BY MICROCHIP "AS IS" AND ANY EXPRESS OR IMPLIED WARRANTIES,
    37                           ; INCLUDING, BUT NOT LIMITED TO, THE IMPLIED WARRANTIES OF MERCHANTABILITY AND FITNESS F
      +                          OR
    38                           ; PURPOSE ARE DISCLAIMED.  IN NO EVENT SHALL MICROCHIP BE LIABLE FOR ANY DIRECT, INDIREC
      +                          T,
    39                           ; INCIDENTAL, SPECIAL, EXEMPLARY, OR CONSEQUENTIAL DAMAGES (INCLUDING BUT NOT LIMITED TO
    40                           ; PROCUREMENT OF SUBSTITUTE GOODS OR SERVICES; LOSS OF USE, DATA OR PROFITS; OR BUSINESS
    41                           ; INTERRUPTION) HOWSOEVER CAUSED AND ON ANY THEORY OF LIABILITY, WHETHER IN CONTRACT, ST
      +                          RICT
    42                           ; LIABILITY, OR TORT (INCLUDING NEGLIGENCE OR OTHERWISE) ARISING IN ANY WAY OUT OF THE U
      +                          SE OF
    43                           ; THIS SOFTWARE, EVEN IF ADVISED OF THE POSSIBILITY OF SUCH DAMAGE.
    44                           ; 
    45                           ; 
    46                           ; Code-generator required, PIC18F4550 Definitions
    47                           ; 
    48                           ; SFR Addresses
    49   000000                     _PORTB	set	3969
    50   000000                     _LATA	set	3977
    51   000000                     _LATD	set	3980
    52   000000                     _TRISA	set	3986
    53   000000                     _TRISD	set	3989
    54   000000                     _TRISB	set	3987
    55                           
    56                           ; #config settings
    57                           
    58                           	psect	cinit
    59   007EA8                     __pcinit:
    60                           	callstack 0
    61   007EA8                     start_initialization:
    62                           	callstack 0
    63   007EA8                     __initialization:
    64                           	callstack 0
    65                           
    66                           ; Clear objects allocated to COMRAM (2 bytes)
    67   007EA8  6A02               	clrf	(__pbssCOMRAM+1)& (0+255),c
    68   007EAA  6A01               	clrf	__pbssCOMRAM& (0+255),c
    69   007EAC                     end_of_initialization:
    70                           	callstack 0
    71   007EAC                     __end_of__initialization:
    72                           	callstack 0
    73   007EAC  0E00               	movlw	low (__Lmediumconst shr (0+16))
    74   007EAE  6EF8               	movwf	tblptru,c
    75   007EB0  0100               	movlb	0
    76   007EB2  EF5B  F03F         	goto	_main	;jump to C main() function
    77                           
    78                           	psect	bssCOMRAM
    79   000001                     __pbssCOMRAM:
    80                           	callstack 0
    81   000001                     _num:
    82                           	callstack 0
    83   000001                     	ds	2
    84                           
    85                           	psect	cstackCOMRAM
    86   000003                     __pcstackCOMRAM:
    87                           	callstack 0
    88   000003                     ??_main:
    89                           
    90                           ; 1 bytes @ 0x0
    91   000003                     	ds	2
    92                           
    93 ;;
    94 ;;Main: autosize = 0, tempsize = 2, incstack = 0, save=0
    95 ;;
    96 ;; *************** function _main *****************
    97 ;; Defined at:
    98 ;;		line 7 in file "main.c"
    99 ;; Parameters:    Size  Location     Type
   100 ;;		None
   101 ;; Auto vars:     Size  Location     Type
   102 ;;		None
   103 ;; Return value:  Size  Location     Type
   104 ;;                  1    wreg      void 
   105 ;; Registers used:
   106 ;;		wreg, status,2, status,0
   107 ;; Tracked objects:
   108 ;;		On entry : 0/0
   109 ;;		On exit  : 0/0
   110 ;;		Unchanged: 0/0
   111 ;; Data sizes:     COMRAM   BANK0   BANK1   BANK2   BANK3   BANK4   BANK5   BANK6   BANK7
   112 ;;      Params:         0       0       0       0       0       0       0       0       0
   113 ;;      Locals:         0       0       0       0       0       0       0       0       0
   114 ;;      Temps:          2       0       0       0       0       0       0       0       0
   115 ;;      Totals:         2       0       0       0       0       0       0       0       0
   116 ;;Total ram usage:        2 bytes
   117 ;; This function calls:
   118 ;;		Nothing
   119 ;; This function is called by:
   120 ;;		Startup code after reset
   121 ;; This function uses a non-reentrant model
   122 ;;
   123                           
   124                           	psect	text0
   125   007EB6                     __ptext0:
   126                           	callstack 0
   127   007EB6                     _main:
   128                           	callstack 31
   129   007EB6                     
   130                           ;main.c: 9:     TRISA = 0;
   131   007EB6  0E00               	movlw	0
   132   007EB8  6E92               	movwf	146,c	;volatile
   133                           
   134                           ;main.c: 10:     TRISB = 7;
   135   007EBA  0E07               	movlw	7
   136   007EBC  6E93               	movwf	147,c	;volatile
   137                           
   138                           ;main.c: 11:     TRISD = 0;
   139   007EBE  0E00               	movlw	0
   140   007EC0  6E95               	movwf	149,c	;volatile
   141                           
   142                           ;main.c: 14:     LATD = 0x00;
   143   007EC2  0E00               	movlw	0
   144   007EC4  6E8C               	movwf	140,c	;volatile
   145                           
   146                           ;main.c: 15:     LATA = 63;
   147   007EC6  0E3F               	movlw	63
   148   007EC8  6E89               	movwf	137,c	;volatile
   149   007ECA  EF8F  F03F         	goto	l741
   150   007ECE                     l719:
   151   007ECE  0E3F               	movlw	63
   152   007ED0  6E89               	movwf	137,c	;volatile
   153   007ED2  EFC5  F03F         	goto	l743
   154   007ED6                     l721:
   155   007ED6  0E06               	movlw	6
   156   007ED8  6E89               	movwf	137,c	;volatile
   157   007EDA  EFC5  F03F         	goto	l743
   158   007EDE                     l723:
   159   007EDE  0E5B               	movlw	91
   160   007EE0  6E89               	movwf	137,c	;volatile
   161   007EE2  EFC5  F03F         	goto	l743
   162   007EE6                     l725:
   163   007EE6  0E4F               	movlw	79
   164   007EE8  6E89               	movwf	137,c	;volatile
   165   007EEA  EFC5  F03F         	goto	l743
   166   007EEE                     l727:
   167   007EEE  0E66               	movlw	102
   168   007EF0  6E89               	movwf	137,c	;volatile
   169   007EF2  EFC5  F03F         	goto	l743
   170   007EF6                     l729:
   171   007EF6  0E6D               	movlw	109
   172   007EF8  6E89               	movwf	137,c	;volatile
   173   007EFA  EFC5  F03F         	goto	l743
   174   007EFE                     l731:
   175   007EFE  0E7D               	movlw	125
   176   007F00  6E89               	movwf	137,c	;volatile
   177   007F02  EFC5  F03F         	goto	l743
   178   007F06                     l733:
   179   007F06  0E07               	movlw	7
   180   007F08  6E89               	movwf	137,c	;volatile
   181   007F0A  EFC5  F03F         	goto	l743
   182   007F0E                     l735:
   183   007F0E  0E7F               	movlw	127
   184   007F10  6E89               	movwf	137,c	;volatile
   185   007F12  EFC5  F03F         	goto	l743
   186   007F16                     l737:
   187   007F16  0E6F               	movlw	111
   188   007F18  6E89               	movwf	137,c	;volatile
   189   007F1A  EFC5  F03F         	goto	l743
   190   007F1E                     l741:
   191   007F1E  C001  F003         	movff	_num,??_main
   192   007F22  C002  F004         	movff	_num+1,??_main+1
   193                           
   194                           ; Switch on 2 bytes has been partitioned into a top level switch of size 1, and 1 sub-sw
      +                          itches
   195                           ; Switch size 1, requested type "simple"
   196                           ; Number of cases is 1, Range of values is 0 to 0
   197                           ; switch strategies available:
   198                           ; Name         Instructions Cycles
   199                           ; simple_byte            4     3 (average)
   200                           ;	Chosen strategy is simple_byte
   201   007F26  5004               	movf	(??_main+1)^0,w,c
   202   007F28  0A00               	xorlw	0	; case 0
   203   007F2A  B4D8               	btfsc	status,2,c
   204   007F2C  EF9A  F03F         	goto	l771
   205   007F30  EF67  F03F         	goto	l719
   206   007F34                     l771:
   207                           
   208                           ; Switch size 1, requested type "simple"
   209                           ; Number of cases is 10, Range of values is 0 to 9
   210                           ; switch strategies available:
   211                           ; Name         Instructions Cycles
   212                           ; simple_byte           31    16 (average)
   213                           ;	Chosen strategy is simple_byte
   214   007F34  5003               	movf	??_main^0,w,c
   215   007F36  0A00               	xorlw	0	; case 0
   216   007F38  B4D8               	btfsc	status,2,c
   217   007F3A  EF67  F03F         	goto	l719
   218   007F3E  0A01               	xorlw	1	; case 1
   219   007F40  B4D8               	btfsc	status,2,c
   220   007F42  EF6B  F03F         	goto	l721
   221   007F46  0A03               	xorlw	3	; case 2
   222   007F48  B4D8               	btfsc	status,2,c
   223   007F4A  EF6F  F03F         	goto	l723
   224   007F4E  0A01               	xorlw	1	; case 3
   225   007F50  B4D8               	btfsc	status,2,c
   226   007F52  EF73  F03F         	goto	l725
   227   007F56  0A07               	xorlw	7	; case 4
   228   007F58  B4D8               	btfsc	status,2,c
   229   007F5A  EF77  F03F         	goto	l727
   230   007F5E  0A01               	xorlw	1	; case 5
   231   007F60  B4D8               	btfsc	status,2,c
   232   007F62  EF7B  F03F         	goto	l729
   233   007F66  0A03               	xorlw	3	; case 6
   234   007F68  B4D8               	btfsc	status,2,c
   235   007F6A  EF7F  F03F         	goto	l731
   236   007F6E  0A01               	xorlw	1	; case 7
   237   007F70  B4D8               	btfsc	status,2,c
   238   007F72  EF83  F03F         	goto	l733
   239   007F76  0A0F               	xorlw	15	; case 8
   240   007F78  B4D8               	btfsc	status,2,c
   241   007F7A  EF87  F03F         	goto	l735
   242   007F7E  0A01               	xorlw	1	; case 9
   243   007F80  B4D8               	btfsc	status,2,c
   244   007F82  EF8B  F03F         	goto	l737
   245   007F86  EF67  F03F         	goto	l719
   246   007F8A                     l743:
   247                           
   248                           ;main.c: 32:         num ++;
   249   007F8A  4A01               	infsnz	_num^0,f,c
   250   007F8C  2A02               	incf	(_num+1)^0,f,c
   251   007F8E                     
   252                           ;main.c: 33:         if(num == 10) num =0;
   253   007F8E  0E0A               	movlw	10
   254   007F90  1801               	xorwf	_num^0,w,c
   255   007F92  1002               	iorwf	(_num+1)^0,w,c
   256   007F94  A4D8               	btfss	status,2,c
   257   007F96  EFCF  F03F         	goto	u11
   258   007F9A  EFD1  F03F         	goto	u10
   259   007F9E                     u11:
   260   007F9E  EFD5  F03F         	goto	l749
   261   007FA2                     u10:
   262   007FA2  0E00               	movlw	0
   263   007FA4  6E02               	movwf	(_num+1)^0,c
   264   007FA6  0E00               	movlw	0
   265   007FA8  6E01               	movwf	_num^0,c
   266   007FAA                     l749:
   267                           
   268                           ;main.c: 45:         if(PORTB == 1){
   269   007FAA  0481               	decf	129,w,c	;volatile
   270   007FAC  A4D8               	btfss	status,2,c
   271   007FAE  EFDB  F03F         	goto	u21
   272   007FB2  EFDD  F03F         	goto	u20
   273   007FB6                     u21:
   274   007FB6  EFDF  F03F         	goto	l753
   275   007FBA                     u20:
   276   007FBA                     
   277                           ;main.c: 46:             LATD = 0xF0;
   278   007FBA  0EF0               	movlw	240
   279   007FBC  6E8C               	movwf	140,c	;volatile
   280   007FBE                     l753:
   281                           
   282                           ;main.c: 48:         if(PORTB == 2){
   283   007FBE  0E02               	movlw	2
   284   007FC0  1881               	xorwf	129,w,c	;volatile
   285   007FC2  A4D8               	btfss	status,2,c
   286   007FC4  EFE6  F03F         	goto	u31
   287   007FC8  EFE8  F03F         	goto	u30
   288   007FCC                     u31:
   289   007FCC  EFEA  F03F         	goto	l757
   290   007FD0                     u30:
   291   007FD0                     
   292                           ;main.c: 49:             LATD = 0x0F;
   293   007FD0  0E0F               	movlw	15
   294   007FD2  6E8C               	movwf	140,c	;volatile
   295   007FD4                     l757:
   296                           
   297                           ;main.c: 51:         if(PORTB == 4){
   298   007FD4  0E04               	movlw	4
   299   007FD6  1881               	xorwf	129,w,c	;volatile
   300   007FD8  A4D8               	btfss	status,2,c
   301   007FDA  EFF1  F03F         	goto	u41
   302   007FDE  EFF3  F03F         	goto	u40
   303   007FE2                     u41:
   304   007FE2  EFF5  F03F         	goto	l761
   305   007FE6                     u40:
   306   007FE6                     
   307                           ;main.c: 52:             LATD = 0x3F;
   308   007FE6  0E3F               	movlw	63
   309   007FE8  6E8C               	movwf	140,c	;volatile
   310   007FEA                     l761:
   311                           
   312                           ;main.c: 55:        _delay((unsigned long)((100)*(4000000L/4000.0)));
   313   007FEA  0E82               	movlw	130
   314   007FEC  6E03               	movwf	??_main^0,c
   315   007FEE  0EDE               	movlw	222
   316   007FF0                     u57:
   317   007FF0  2EE8               	decfsz	wreg,f,c
   318   007FF2  D7FE               	bra	u57
   319   007FF4  2E03               	decfsz	??_main^0,f,c
   320   007FF6  D7FC               	bra	u57
   321   007FF8  EF8F  F03F         	goto	l741
   322   007FFC  EF00  F000         	goto	start
   323   008000                     __end_of_main:
   324                           	callstack 0
   325   000000                     
   326                           	psect	rparam
   327   000000                     
   328                           	psect	idloc
   329                           
   330                           ;Config register IDLOC0 @ 0x200000
   331                           ;	unspecified, using default values
   332   200000                     	org	2097152
   333   200000  FF                 	db	255
   334                           
   335                           ;Config register IDLOC1 @ 0x200001
   336                           ;	unspecified, using default values
   337   200001                     	org	2097153
   338   200001  FF                 	db	255
   339                           
   340                           ;Config register IDLOC2 @ 0x200002
   341                           ;	unspecified, using default values
   342   200002                     	org	2097154
   343   200002  FF                 	db	255
   344                           
   345                           ;Config register IDLOC3 @ 0x200003
   346                           ;	unspecified, using default values
   347   200003                     	org	2097155
   348   200003  FF                 	db	255
   349                           
   350                           ;Config register IDLOC4 @ 0x200004
   351                           ;	unspecified, using default values
   352   200004                     	org	2097156
   353   200004  FF                 	db	255
   354                           
   355                           ;Config register IDLOC5 @ 0x200005
   356                           ;	unspecified, using default values
   357   200005                     	org	2097157
   358   200005  FF                 	db	255
   359                           
   360                           ;Config register IDLOC6 @ 0x200006
   361                           ;	unspecified, using default values
   362   200006                     	org	2097158
   363   200006  FF                 	db	255
   364                           
   365                           ;Config register IDLOC7 @ 0x200007
   366                           ;	unspecified, using default values
   367   200007                     	org	2097159
   368   200007  FF                 	db	255
   369                           
   370                           	psect	config
   371                           
   372                           ;Config register CONFIG1L @ 0x300000
   373                           ;	PLL Prescaler Selection bits
   374                           ;	PLLDIV = 1, No prescale (4 MHz oscillator input drives PLL directly)
   375                           ;	System Clock Postscaler Selection bits
   376                           ;	CPUDIV = OSC1_PLL2, [Primary Oscillator Src: /1][96 MHz PLL Src: /2]
   377                           ;	USB Clock Selection bit (used in Full-Speed USB mode only; UCFG:FSEN = 1)
   378                           ;	USBDIV = 1, USB clock source comes directly from the primary oscillator block with no 
      +                          postscale
   379   300000                     	org	3145728
   380   300000  00                 	db	0
   381                           
   382                           ;Config register CONFIG1H @ 0x300001
   383                           ;	Oscillator Selection bits
   384                           ;	FOSC = INTOSCIO_EC, Internal oscillator, port function on RA6, EC used by USB (INTIO)
   385                           ;	Fail-Safe Clock Monitor Enable bit
   386                           ;	FCMEN = OFF, Fail-Safe Clock Monitor disabled
   387                           ;	Internal/External Oscillator Switchover bit
   388                           ;	IESO = OFF, Oscillator Switchover mode disabled
   389   300001                     	org	3145729
   390   300001  08                 	db	8
   391                           
   392                           ;Config register CONFIG2L @ 0x300002
   393                           ;	Power-up Timer Enable bit
   394                           ;	PWRT = OFF, PWRT disabled
   395                           ;	Brown-out Reset Enable bits
   396                           ;	BOR = OFF, Brown-out Reset disabled in hardware and software
   397                           ;	Brown-out Reset Voltage bits
   398                           ;	BORV = 3, Minimum setting 2.05V
   399                           ;	USB Voltage Regulator Enable bit
   400                           ;	VREGEN = OFF, USB voltage regulator disabled
   401   300002                     	org	3145730
   402   300002  19                 	db	25
   403                           
   404                           ;Config register CONFIG2H @ 0x300003
   405                           ;	Watchdog Timer Enable bit
   406                           ;	WDT = OFF, WDT disabled (control is placed on the SWDTEN bit)
   407                           ;	Watchdog Timer Postscale Select bits
   408                           ;	WDTPS = 32768, 1:32768
   409   300003                     	org	3145731
   410   300003  1E                 	db	30
   411                           
   412                           ; Padding undefined space
   413   300004                     	org	3145732
   414   300004  FF                 	db	255
   415                           
   416                           ;Config register CONFIG3H @ 0x300005
   417                           ;	CCP2 MUX bit
   418                           ;	CCP2MX = ON, CCP2 input/output is multiplexed with RC1
   419                           ;	PORTB A/D Enable bit
   420                           ;	PBADEN = OFF, PORTB<4:0> pins are configured as digital I/O on Reset
   421                           ;	Low-Power Timer 1 Oscillator Enable bit
   422                           ;	LPT1OSC = OFF, Timer1 configured for higher power operation
   423                           ;	MCLR Pin Enable bit
   424                           ;	MCLRE = ON, MCLR pin enabled; RE3 input pin disabled
   425   300005                     	org	3145733
   426   300005  81                 	db	129
   427                           
   428                           ;Config register CONFIG4L @ 0x300006
   429                           ;	Stack Full/Underflow Reset Enable bit
   430                           ;	STVREN = ON, Stack full/underflow will cause Reset
   431                           ;	Single-Supply ICSP Enable bit
   432                           ;	LVP = ON, Single-Supply ICSP enabled
   433                           ;	Dedicated In-Circuit Debug/Programming Port (ICPORT) Enable bit
   434                           ;	ICPRT = OFF, ICPORT disabled
   435                           ;	Extended Instruction Set Enable bit
   436                           ;	XINST = OFF, Instruction set extension and Indexed Addressing mode disabled (Legacy mo
      +                          de)
   437                           ;	Background Debugger Enable bit
   438                           ;	DEBUG = 0x1, unprogrammed default
   439   300006                     	org	3145734
   440   300006  85                 	db	133
   441                           
   442                           ; Padding undefined space
   443   300007                     	org	3145735
   444   300007  FF                 	db	255
   445                           
   446                           ;Config register CONFIG5L @ 0x300008
   447                           ;	Code Protection bit
   448                           ;	CP0 = OFF, Block 0 (000800-001FFFh) is not code-protected
   449                           ;	Code Protection bit
   450                           ;	CP1 = OFF, Block 1 (002000-003FFFh) is not code-protected
   451                           ;	Code Protection bit
   452                           ;	CP2 = OFF, Block 2 (004000-005FFFh) is not code-protected
   453                           ;	Code Protection bit
   454                           ;	CP3 = OFF, Block 3 (006000-007FFFh) is not code-protected
   455   300008                     	org	3145736
   456   300008  0F                 	db	15
   457                           
   458                           ;Config register CONFIG5H @ 0x300009
   459                           ;	Boot Block Code Protection bit
   460                           ;	CPB = OFF, Boot block (000000-0007FFh) is not code-protected
   461                           ;	Data EEPROM Code Protection bit
   462                           ;	CPD = OFF, Data EEPROM is not code-protected
   463   300009                     	org	3145737
   464   300009  C0                 	db	192
   465                           
   466                           ;Config register CONFIG6L @ 0x30000A
   467                           ;	Write Protection bit
   468                           ;	WRT0 = OFF, Block 0 (000800-001FFFh) is not write-protected
   469                           ;	Write Protection bit
   470                           ;	WRT1 = OFF, Block 1 (002000-003FFFh) is not write-protected
   471                           ;	Write Protection bit
   472                           ;	WRT2 = OFF, Block 2 (004000-005FFFh) is not write-protected
   473                           ;	Write Protection bit
   474                           ;	WRT3 = OFF, Block 3 (006000-007FFFh) is not write-protected
   475   30000A                     	org	3145738
   476   30000A  0F                 	db	15
   477                           
   478                           ;Config register CONFIG6H @ 0x30000B
   479                           ;	Configuration Register Write Protection bit
   480                           ;	WRTC = OFF, Configuration registers (300000-3000FFh) are not write-protected
   481                           ;	Boot Block Write Protection bit
   482                           ;	WRTB = OFF, Boot block (000000-0007FFh) is not write-protected
   483                           ;	Data EEPROM Write Protection bit
   484                           ;	WRTD = OFF, Data EEPROM is not write-protected
   485   30000B                     	org	3145739
   486   30000B  E0                 	db	224
   487                           
   488                           ;Config register CONFIG7L @ 0x30000C
   489                           ;	Table Read Protection bit
   490                           ;	EBTR0 = OFF, Block 0 (000800-001FFFh) is not protected from table reads executed in ot
      +                          her blocks
   491                           ;	Table Read Protection bit
   492                           ;	EBTR1 = OFF, Block 1 (002000-003FFFh) is not protected from table reads executed in ot
      +                          her blocks
   493                           ;	Table Read Protection bit
   494                           ;	EBTR2 = OFF, Block 2 (004000-005FFFh) is not protected from table reads executed in ot
      +                          her blocks
   495                           ;	Table Read Protection bit
   496                           ;	EBTR3 = OFF, Block 3 (006000-007FFFh) is not protected from table reads executed in ot
      +                          her blocks
   497   30000C                     	org	3145740
   498   30000C  0F                 	db	15
   499                           
   500                           ;Config register CONFIG7H @ 0x30000D
   501                           ;	Boot Block Table Read Protection bit
   502                           ;	EBTRB = OFF, Boot block (000000-0007FFh) is not protected from table reads executed in
      +                           other blocks
   503   30000D                     	org	3145741
   504   30000D  40                 	db	64
   505                           tosu	equ	0xFFF
   506                           tosh	equ	0xFFE
   507                           tosl	equ	0xFFD
   508                           stkptr	equ	0xFFC
   509                           pclatu	equ	0xFFB
   510                           pclath	equ	0xFFA
   511                           pcl	equ	0xFF9
   512                           tblptru	equ	0xFF8
   513                           tblptrh	equ	0xFF7
   514                           tblptrl	equ	0xFF6
   515                           tablat	equ	0xFF5
   516                           prodh	equ	0xFF4
   517                           prodl	equ	0xFF3
   518                           indf0	equ	0xFEF
   519                           postinc0	equ	0xFEE
   520                           postdec0	equ	0xFED
   521                           preinc0	equ	0xFEC
   522                           plusw0	equ	0xFEB
   523                           fsr0h	equ	0xFEA
   524                           fsr0l	equ	0xFE9
   525                           wreg	equ	0xFE8
   526                           indf1	equ	0xFE7
   527                           postinc1	equ	0xFE6
   528                           postdec1	equ	0xFE5
   529                           preinc1	equ	0xFE4
   530                           plusw1	equ	0xFE3
   531                           fsr1h	equ	0xFE2
   532                           fsr1l	equ	0xFE1
   533                           bsr	equ	0xFE0
   534                           indf2	equ	0xFDF
   535                           postinc2	equ	0xFDE
   536                           postdec2	equ	0xFDD
   537                           preinc2	equ	0xFDC
   538                           plusw2	equ	0xFDB
   539                           fsr2h	equ	0xFDA
   540                           fsr2l	equ	0xFD9
   541                           status	equ	0xFD8

Data Sizes:
    Strings     0
    Constant    0
    Data        0
    BSS         2
    Persistent  0
    Stack       0

Auto Spaces:
    Space          Size  Autos    Used
    COMRAM           95      2       4
    BANK0           160      0       0
    BANK1           256      0       0
    BANK2           256      0       0
    BANK3           256      0       0
    BANK4           256      0       0
    BANK5           256      0       0
    BANK6           256      0       0
    BANK7           256      0       0

Pointer List with Targets:

    None.

Critical Paths under _main in COMRAM

    None.

Critical Paths under _main in BANK0

    None.

Critical Paths under _main in BANK1

    None.

Critical Paths under _main in BANK2

    None.

Critical Paths under _main in BANK3

    None.

Critical Paths under _main in BANK4

    None.

Critical Paths under _main in BANK5

    None.

Critical Paths under _main in BANK6

    None.

Critical Paths under _main in BANK7

    None.

Call Graph Tables:

 ---------------------------------------------------------------------------------
 (Depth) Function   	        Calls       Base Space   Used Autos Params    Refs
 ---------------------------------------------------------------------------------
 (0) _main                                                 2     2      0       0
                                              0 COMRAM     2     2      0
 ---------------------------------------------------------------------------------
 Estimated maximum stack depth 0
 ---------------------------------------------------------------------------------

 Call Graph Graphs:

 _main (ROOT)

 Address spaces:
Name               Size   Autos  Total    Cost      Usage
BIGRAM             7FF      0       0      27        0.0%
EEDATA             100      0       0       0        0.0%
BITBANK7           100      0       0      19        0.0%
BANK7              100      0       0      20        0.0%
BITBANK6           100      0       0      17        0.0%
BANK6              100      0       0      18        0.0%
BITBANK5           100      0       0      15        0.0%
BANK5              100      0       0      16        0.0%
BITBANK4           100      0       0      13        0.0%
BANK4              100      0       0      14        0.0%
BITBANK3           100      0       0      11        0.0%
BANK3              100      0       0      12        0.0%
BITBANK2           100      0       0       9        0.0%
BANK2              100      0       0      10        0.0%
BITBANK1           100      0       0       7        0.0%
BANK1              100      0       0       8        0.0%
BITBANK0            A0      0       0       5        0.0%
BANK0               A0      0       0       6        0.0%
BITBIGSFRhh         6A      0       0      21        0.0%
BITCOMRAM           5F      0       0       0        0.0%
COMRAM              5F      2       4       1        4.2%
BITBIGSFRllll       21      0       0      26        0.0%
BITBIGSFRlllh        7      0       0      25        0.0%
BITBIGSFRlh          5      0       0      23        0.0%
BITBIGSFRllh         2      0       0      24        0.0%
BITBIGSFRhl          1      0       0      22        0.0%
BIGSFR               0      0       0     200        0.0%
BITSFR               0      0       0     200        0.0%
SFR                  0      0       0     200        0.0%
STACK                0      0       0       2        0.0%
NULL                 0      0       0       0        0.0%
ABS                  0      0       4       3        0.0%
DATA                 0      0       4       4        0.0%
CODE                 0      0       0       0        0.0%


Microchip Technology PIC18 Macro Assembler V2.40 build 20220703182018 
Symbol Table                                                                                   Sun Sep 18 08:38:14 2022

                     u10 7FA2                       u11 7F9E                       u20 7FBA  
                     u21 7FB6                       u30 7FD0                       u31 7FCC  
                     u40 7FE6                       u41 7FE2                       u57 7FF0  
                    l721 7ED6                      l731 7EFE                      l723 7EDE  
                    l733 7F06                      l725 7EE6                      l741 7F1E  
                    l717 7EB6                      l751 7FBA                      l735 7F0E  
                    l727 7EEE                      l743 7F8A                      l719 7ECE  
                    l761 7FEA                      l753 7FBE                      l745 7F8E  
                    l737 7F16                      l729 7EF6                      l755 7FD0  
                    l747 7FA2                      l771 7F34                      l757 7FD4  
                    l749 7FAA                      l759 7FE6                      _num 0001  
                    wreg 000FE8                     _LATA 000F89                     _LATD 000F8C  
                   _main 7EB6                     start 0000             ___param_bank 000000  
                  ?_main 0003                    _PORTB 000F81                    _TRISA 000F92  
                  _TRISB 000F93                    _TRISD 000F95                    status 000FD8  
        __initialization 7EA8             __end_of_main 8000                   ??_main 0003  
          __activetblptr 000002                   isa$std 000001                   tblptru 000FF8  
             __accesstop 0060  __end_of__initialization 7EAC            ___rparam_used 000001  
         __pcstackCOMRAM 0003                  __Hparam 0000                  __Lparam 0000  
                __pcinit 7EA8                  __ramtop 0800                  __ptext0 7EB6  
   end_of_initialization 7EAC            __Lmediumconst 0000      start_initialization 7EA8  
            __pbssCOMRAM 0001                 __Hrparam 0000                 __Lrparam 0000  
               isa$xinst 000000  
